<?xml version="1.0" encoding="UTF-8"?>
<testsuite xmlns:xsi="http://www.w3.org/2001/XMLSchema-instance" xsi:noNamespaceSchemaLocation="https://maven.apache.org/surefire/maven-surefire-plugin/xsd/surefire-test-report.xsd" name="com.javahongkong.bootcamp.exercise.SampleUnitTest" time="0" tests="7" errors="0" skipped="0" failures="0">
  <properties>
[...]
</properties>
  <testcase name="_01_getChairCount" classname="com.javahongkong.bootcamp.exercise.SampleUnitTest" time="0"/>
  <testcase name="_02_orderFourChairs" classname="com.javahongkong.bootcamp.exercise.SampleUnitTest" time="0"/>
  <testcase name="_03_orderThreeCouches" classname="com.javahongkong.bootcamp.exercise.SampleUnitTest" time="0"/>
  <testcase name="_04_orderedChairsCost" classname="com.javahongkong.bootcamp.exercise.SampleUnitTest" time="0"/>
  <testcase name="_05_orderedTablesCost" classname="com.javahongkong.bootcamp.exercise.SampleUnitTest" time="0"/>
  <testcase name="_06_orderedCouchesCost" classname="com.javahongkong.bootcamp.exercise.SampleUnitTest" time="0"/>
  <testcase name="_07_totalOrderCost" classname="com.javahongkong.bootcamp.exercise.SampleUnitTest" time="0"/>
</testsuite>